<?xml version="1.0" encoding="UTF-8"?>
<!-- Generated by org.testng.reporters.JUnitReportReporter -->
<testsuite hostname="Faculty-pc-5" failures="0" tests="6" name="com.mvn.HybridDrivenFW" time="26.795" errors="0" timestamp="2024-10-17T14:37:30 IST" skipped="0">
  <testcase classname="com.mvn.HybridDrivenFW" name="test" time="2.070"/>
  <testcase classname="com.mvn.HybridDrivenFW" name="test" time="0.204"/>
  <testcase classname="com.mvn.HybridDrivenFW" name="test" time="3.750"/>
  <testcase classname="com.mvn.HybridDrivenFW" name="test" time="4.347"/>
  <testcase classname="com.mvn.HybridDrivenFW" name="test" time="14.373"/>
  <testcase classname="com.mvn.HybridDrivenFW" name="test" time="2.051"/>
</testsuite> <!-- com.mvn.HybridDrivenFW -->
